time="2023-08-18T02:25:21-04:00" level=info msg="logger initialized" func="main.go:19" file="main.main()"
time="2023-08-18T02:25:21-04:00" level=info msg="config initialized" func="main.go:22" file="main.main()"
time="2023-08-18T02:25:31-04:00" level=error msg="Key: 'CreateCustomer.Stars' Error:Field validation for 'Stars' failed on the 'required' tag" func="customer.go:65" file="gitlab.com/QuvonchbekOtajonov/clinic-back/api/handlers/v1.(*handlerV1).CreateCustomer()"
time="2023-08-18T02:26:56-04:00" level=info msg="logger initialized" func="main.go:19" file="main.main()"
time="2023-08-18T02:26:56-04:00" level=info msg="config initialized" func="main.go:22" file="main.main()"
time="2023-08-18T02:27:04-04:00" level=error msg="Key: 'CreateCustomer.Stars' Error:Field validation for 'Stars' failed on the 'required' tag" func="customer.go:65" file="gitlab.com/QuvonchbekOtajonov/clinic-back/api/handlers/v1.(*handlerV1).CreateCustomer()"
time="2023-08-18T02:27:22-04:00" level=info msg="logger initialized" func="main.go:19" file="main.main()"
time="2023-08-18T02:27:22-04:00" level=info msg="config initialized" func="main.go:22" file="main.main()"
time="2023-08-18T02:27:35-04:00" level=error msg="Key: 'CreateCustomer.Stars' Error:Field validation for 'Stars' failed on the 'required' tag" func="customer.go:65" file="gitlab.com/QuvonchbekOtajonov/clinic-back/api/handlers/v1.(*handlerV1).CreateCustomer()"
time="2023-08-18T02:33:33-04:00" level=info msg="logger initialized" func="main.go:19" file="main.main()"
time="2023-08-18T02:33:33-04:00" level=info msg="config initialized" func="main.go:22" file="main.main()"
time="2023-08-18T02:33:43-04:00" level=info msg="logger initialized" func="main.go:19" file="main.main()"
time="2023-08-18T02:33:43-04:00" level=info msg="config initialized" func="main.go:22" file="main.main()"
time="2023-08-18T02:33:54-04:00" level=error msg="Key: 'CreateCustomer.Stars' Error:Field validation for 'Stars' failed on the 'required' tag" func="customer.go:65" file="gitlab.com/QuvonchbekOtajonov/clinic-back/api/handlers/v1.(*handlerV1).CreateCustomer()"
time="2023-08-18T10:48:41-04:00" level=info msg="logger initialized" func="main.go:19" file="main.main()"
time="2023-08-18T10:48:41-04:00" level=info msg="config initialized" func="main.go:22" file="main.main()"
time="2023-08-18T10:49:44-04:00" level=info msg="logger initialized" func="main.go:19" file="main.main()"
time="2023-08-18T10:49:44-04:00" level=info msg="config initialized" func="main.go:22" file="main.main()"
time="2023-08-18T11:18:47-04:00" level=info msg="logger initialized" func="main.go:19" file="main.main()"
time="2023-08-18T11:18:47-04:00" level=info msg="config initialized" func="main.go:22" file="main.main()"
time="2023-08-18T11:20:23-04:00" level=info msg="logger initialized" func="main.go:19" file="main.main()"
time="2023-08-18T11:20:23-04:00" level=info msg="config initialized" func="main.go:22" file="main.main()"
time="2023-08-18T11:29:24-04:00" level=info msg="logger initialized" func="main.go:19" file="main.main()"
time="2023-08-18T11:29:24-04:00" level=info msg="config initialized" func="main.go:22" file="main.main()"
time="2023-08-18T11:32:21-04:00" level=info msg="logger initialized" func="main.go:19" file="main.main()"
time="2023-08-18T11:32:21-04:00" level=info msg="config initialized" func="main.go:22" file="main.main()"
time="2023-08-18T11:38:59-04:00" level=info msg="logger initialized" func="main.go:19" file="main.main()"
time="2023-08-18T11:38:59-04:00" level=info msg="config initialized" func="main.go:22" file="main.main()"
time="2023-08-18T11:40:47-04:00" level=info msg="logger initialized" func="main.go:19" file="main.main()"
time="2023-08-18T11:40:47-04:00" level=info msg="config initialized" func="main.go:22" file="main.main()"
time="2023-08-18T11:41:40-04:00" level=info msg="logger initialized" func="main.go:19" file="main.main()"
time="2023-08-18T11:41:40-04:00" level=info msg="config initialized" func="main.go:22" file="main.main()"
time="2023-08-18T11:43:05-04:00" level=info msg="logger initialized" func="main.go:19" file="main.main()"
time="2023-08-18T11:43:05-04:00" level=info msg="config initialized" func="main.go:22" file="main.main()"
time="2023-08-18T11:45:16-04:00" level=info msg="logger initialized" func="main.go:19" file="main.main()"
time="2023-08-18T11:45:16-04:00" level=info msg="config initialized" func="main.go:22" file="main.main()"
time="2023-08-18T11:51:20-04:00" level=info msg="logger initialized" func="main.go:19" file="main.main()"
time="2023-08-18T11:51:20-04:00" level=info msg="config initialized" func="main.go:22" file="main.main()"
time="2023-08-18T11:54:59-04:00" level=info msg="logger initialized" func="main.go:19" file="main.main()"
time="2023-08-18T11:54:59-04:00" level=info msg="config initialized" func="main.go:22" file="main.main()"
time="2023-08-18T11:58:55-04:00" level=info msg="logger initialized" func="main.go:19" file="main.main()"
time="2023-08-18T11:58:55-04:00" level=info msg="config initialized" func="main.go:22" file="main.main()"
time="2023-08-18T12:05:32-04:00" level=info msg="logger initialized" func="main.go:19" file="main.main()"
time="2023-08-18T12:05:32-04:00" level=info msg="config initialized" func="main.go:22" file="main.main()"
time="2023-08-18T12:09:31-04:00" level=info msg="logger initialized" func="main.go:19" file="main.main()"
time="2023-08-18T12:09:31-04:00" level=info msg="config initialized" func="main.go:22" file="main.main()"
time="2023-08-18T12:10:42-04:00" level=info msg="logger initialized" func="main.go:19" file="main.main()"
time="2023-08-18T12:10:42-04:00" level=info msg="config initialized" func="main.go:22" file="main.main()"
time="2023-08-18T16:30:09-04:00" level=info msg="logger initialized" func="main.go:19" file="main.main()"
time="2023-08-18T16:30:09-04:00" level=info msg="config initialized" func="main.go:22" file="main.main()"
time="2023-08-18T16:32:54-04:00" level=info msg="logger initialized" func="main.go:19" file="main.main()"
time="2023-08-18T16:32:54-04:00" level=info msg="config initialized" func="main.go:22" file="main.main()"
time="2023-08-18T16:35:18-04:00" level=info msg="logger initialized" func="main.go:19" file="main.main()"
time="2023-08-18T16:35:18-04:00" level=info msg="config initialized" func="main.go:22" file="main.main()"
time="2023-08-18T16:35:58-04:00" level=info msg="logger initialized" func="main.go:19" file="main.main()"
time="2023-08-18T16:35:58-04:00" level=info msg="config initialized" func="main.go:22" file="main.main()"
time="2023-08-18T16:38:16-04:00" level=info msg="logger initialized" func="main.go:19" file="main.main()"
time="2023-08-18T16:38:16-04:00" level=info msg="config initialized" func="main.go:22" file="main.main()"
time="2023-08-18T16:41:02-04:00" level=info msg="logger initialized" func="main.go:19" file="main.main()"
time="2023-08-18T16:41:02-04:00" level=info msg="config initialized" func="main.go:22" file="main.main()"
time="2023-08-18T16:41:50-04:00" level=info msg="logger initialized" func="main.go:19" file="main.main()"
time="2023-08-18T16:41:50-04:00" level=info msg="config initialized" func="main.go:22" file="main.main()"
time="2023-08-18T16:42:41-04:00" level=info msg="logger initialized" func="main.go:19" file="main.main()"
time="2023-08-18T16:42:41-04:00" level=info msg="config initialized" func="main.go:22" file="main.main()"
time="2023-08-18T16:43:42-04:00" level=info msg="logger initialized" func="main.go:19" file="main.main()"
time="2023-08-18T16:43:42-04:00" level=info msg="config initialized" func="main.go:22" file="main.main()"
time="2023-08-18T16:44:38-04:00" level=info msg="logger initialized" func="main.go:19" file="main.main()"
time="2023-08-18T16:44:38-04:00" level=info msg="config initialized" func="main.go:22" file="main.main()"
time="2023-08-18T16:49:00-04:00" level=info msg="logger initialized" func="main.go:19" file="main.main()"
time="2023-08-18T16:49:00-04:00" level=info msg="config initialized" func="main.go:22" file="main.main()"
time="2023-08-18T16:50:18-04:00" level=info msg="logger initialized" func="main.go:19" file="main.main()"
time="2023-08-18T16:50:18-04:00" level=info msg="config initialized" func="main.go:22" file="main.main()"
time="2023-08-18T16:51:01-04:00" level=info msg="logger initialized" func="main.go:19" file="main.main()"
time="2023-08-18T16:51:01-04:00" level=info msg="config initialized" func="main.go:22" file="main.main()"
time="2023-08-18T16:54:12-04:00" level=info msg="logger initialized" func="main.go:19" file="main.main()"
time="2023-08-18T16:54:12-04:00" level=info msg="config initialized" func="main.go:22" file="main.main()"
time="2023-08-18T17:04:25-04:00" level=info msg="logger initialized" func="main.go:19" file="main.main()"
time="2023-08-18T17:04:25-04:00" level=info msg="config initialized" func="main.go:22" file="main.main()"
time="2023-08-18T17:24:56-04:00" level=info msg="logger initialized" func="main.go:19" file="main.main()"
time="2023-08-18T17:24:56-04:00" level=info msg="config initialized" func="main.go:22" file="main.main()"
time="2023-08-18T17:25:26-04:00" level=info msg="logger initialized" func="main.go:19" file="main.main()"
time="2023-08-18T17:25:26-04:00" level=info msg="config initialized" func="main.go:22" file="main.main()"
time="2023-08-18T17:27:18-04:00" level=info msg="logger initialized" func="main.go:19" file="main.main()"
time="2023-08-18T17:27:18-04:00" level=info msg="config initialized" func="main.go:22" file="main.main()"
time="2023-08-18T17:29:28-04:00" level=info msg="logger initialized" func="main.go:19" file="main.main()"
time="2023-08-18T17:29:28-04:00" level=info msg="config initialized" func="main.go:22" file="main.main()"
time="2023-08-18T17:32:58-04:00" level=info msg="logger initialized" func="main.go:19" file="main.main()"
time="2023-08-18T17:32:58-04:00" level=info msg="config initialized" func="main.go:22" file="main.main()"
time="2023-08-18T17:36:40-04:00" level=info msg="logger initialized" func="main.go:19" file="main.main()"
time="2023-08-18T17:36:40-04:00" level=info msg="config initialized" func="main.go:22" file="main.main()"
time="2023-08-18T17:40:26-04:00" level=info msg="logger initialized" func="main.go:19" file="main.main()"
time="2023-08-18T17:40:26-04:00" level=info msg="config initialized" func="main.go:22" file="main.main()"
time="2023-08-18T17:43:42-04:00" level=info msg="logger initialized" func="main.go:19" file="main.main()"
time="2023-08-18T17:43:42-04:00" level=info msg="config initialized" func="main.go:22" file="main.main()"
time="2023-08-18T17:44:14-04:00" level=error msg="pq: column \"servicename\" of relation \"services\" does not exist" func="service.go:81" file="gitlab.com/QuvonchbekOtajonov/clinic-back/api/handlers/v1.(*handlerV1).CreateService()"
time="2023-08-18T17:45:16-04:00" level=info msg="logger initialized" func="main.go:19" file="main.main()"
time="2023-08-18T17:45:16-04:00" level=info msg="config initialized" func="main.go:22" file="main.main()"
time="2023-08-18T17:45:27-04:00" level=error msg="pq: column \"servicename\" of relation \"services\" does not exist" func="service.go:79" file="gitlab.com/QuvonchbekOtajonov/clinic-back/api/handlers/v1.(*handlerV1).CreateService()"
time="2023-08-18T17:52:23-04:00" level=info msg="logger initialized" func="main.go:19" file="main.main()"
time="2023-08-18T17:52:23-04:00" level=info msg="config initialized" func="main.go:22" file="main.main()"
time="2023-08-18T17:53:20-04:00" level=info msg="logger initialized" func="main.go:19" file="main.main()"
time="2023-08-18T17:53:20-04:00" level=info msg="config initialized" func="main.go:22" file="main.main()"
time="2023-08-18T18:02:28-04:00" level=error msg="Key: 'CreateCustomer.Stars' Error:Field validation for 'Stars' failed on the 'required' tag" func="customer.go:65" file="gitlab.com/QuvonchbekOtajonov/clinic-back/api/handlers/v1.(*handlerV1).CreateCustomer()"
time="2023-08-18T18:07:54-04:00" level=info msg="logger initialized" func="main.go:19" file="main.main()"
time="2023-08-18T18:07:54-04:00" level=info msg="config initialized" func="main.go:22" file="main.main()"
time="2023-08-18T18:08:06-04:00" level=error msg="pq: column \"type\" does not exist" func="customer.go:80" file="gitlab.com/QuvonchbekOtajonov/clinic-back/api/handlers/v1.(*handlerV1).CreateCustomer()"
time="2023-08-18T18:09:55-04:00" level=info msg="logger initialized" func="main.go:19" file="main.main()"
time="2023-08-18T18:09:55-04:00" level=info msg="config initialized" func="main.go:22" file="main.main()"
time="2023-08-19T13:06:13-04:00" level=info msg="logger initialized" func="main.go:19" file="main.main()"
time="2023-08-19T13:06:13-04:00" level=info msg="config initialized" func="main.go:22" file="main.main()"
time="2023-08-19T13:06:16-04:00" level=fatal msg="failed to connect to database: dial tcp 3.76.45.182:5432: connect: no route to host" func="main.go:33" file="main.main()"
time="2023-08-19T13:07:33-04:00" level=info msg="logger initialized" func="main.go:19" file="main.main()"
time="2023-08-19T13:07:33-04:00" level=info msg="config initialized" func="main.go:22" file="main.main()"
time="2023-08-19T13:07:34-04:00" level=fatal msg="failed to connect to database: dial tcp 3.76.45.182:5432: connect: no route to host" func="main.go:33" file="main.main()"
time="2023-08-19T13:10:11-04:00" level=info msg="logger initialized" func="main.go:19" file="main.main()"
time="2023-08-19T13:10:11-04:00" level=info msg="config initialized" func="main.go:22" file="main.main()"
time="2023-08-19T13:10:11-04:00" level=fatal msg="failed to connect to database: dial tcp 3.76.45.182:5432: connect: network is unreachable" func="main.go:33" file="main.main()"
time="2023-08-19T13:10:35-04:00" level=info msg="logger initialized" func="main.go:19" file="main.main()"
time="2023-08-19T13:10:35-04:00" level=info msg="config initialized" func="main.go:22" file="main.main()"
time="2023-08-19T13:10:35-04:00" level=fatal msg="failed to connect to database: pq: database \"clinic\" does not exist" func="main.go:33" file="main.main()"
time="2023-08-19T14:43:06+05:00" level=info msg="logger initialized" func="main.go:19" file="main.main()"
time="2023-08-19T14:43:06+05:00" level=info msg="config initialized" func="main.go:22" file="main.main()"
time="2023-08-19T14:46:49+05:00" level=info msg="logger initialized" func="main.go:19" file="main.main()"
time="2023-08-19T14:46:49+05:00" level=info msg="config initialized" func="main.go:22" file="main.main()"
time="2023-08-19T21:58:44+05:00" level=info msg="logger initialized" func="main.go:19" file="main.main()"
time="2023-08-19T21:58:44+05:00" level=info msg="config initialized" func="main.go:22" file="main.main()"
time="2023-08-19T21:59:36+05:00" level=info msg="logger initialized" func="main.go:19" file="main.main()"
time="2023-08-19T21:59:36+05:00" level=info msg="config initialized" func="main.go:22" file="main.main()"
time="2023-08-19T22:00:05+05:00" level=info msg="logger initialized" func="main.go:19" file="main.main()"
time="2023-08-19T22:00:05+05:00" level=info msg="config initialized" func="main.go:22" file="main.main()"
time="2023-08-19T22:03:28+05:00" level=info msg="logger initialized" func="main.go:19" file="main.main()"
time="2023-08-19T22:03:28+05:00" level=info msg="config initialized" func="main.go:22" file="main.main()"
time="2023-08-19T22:40:03+05:00" level=info msg="logger initialized" func="main.go:17" file="main.main()"
time="2023-08-19T22:40:03+05:00" level=info msg="config initialized" func="main.go:20" file="main.main()"
time="2023-08-20T00:42:57-04:00" level=info msg="logger initialized" func="main.go:17" file="main.main()"
time="2023-08-20T00:42:57-04:00" level=info msg="config initialized" func="main.go:20" file="main.main()"
time="2023-08-20T00:42:57-04:00" level=fatal msg="failed to connect to database: pq: database \"clinic\" does not exist, host=localhost port=5432 user=samandar password=Samandar777? dbname=clinic sslmode=disable" func="main.go:32" file="main.main()"
time="2023-08-20T00:43:58-04:00" level=info msg="logger initialized" func="main.go:17" file="main.main()"
time="2023-08-20T00:43:58-04:00" level=info msg="config initialized" func="main.go:20" file="main.main()"
time="2023-08-20T00:44:41-04:00" level=error msg="pq: relation \"customers\" does not exist" func="customer.go:80" file="gitlab.com/QuvonchbekOtajonov/clinic-back/api/handlers/v1.(*handlerV1).CreateCustomer()"
time="2023-08-20T02:31:38-04:00" level=info msg="logger initialized" func="main.go:17" file="main.main()"
time="2023-08-20T02:31:38-04:00" level=info msg="config initialized" func="main.go:20" file="main.main()"
time="2023-08-20T02:35:28-04:00" level=info msg="logger initialized" func="main.go:17" file="main.main()"
time="2023-08-20T02:35:28-04:00" level=info msg="config initialized" func="main.go:20" file="main.main()"
time="2023-08-20T02:55:25-04:00" level=info msg="logger initialized" func="main.go:17" file="main.main()"
time="2023-08-20T02:55:25-04:00" level=info msg="config initialized" func="main.go:20" file="main.main()"
time="2023-08-20T03:22:33-04:00" level=info msg="logger initialized" func="main.go:17" file="main.main()"
time="2023-08-20T03:22:33-04:00" level=info msg="config initialized" func="main.go:20" file="main.main()"
time="2023-08-20T03:25:04-04:00" level=info msg="logger initialized" func="main.go:17" file="main.main()"
time="2023-08-20T03:25:04-04:00" level=info msg="config initialized" func="main.go:20" file="main.main()"
time="2023-08-20T04:30:47-04:00" level=info msg="logger initialized" func="main.go:17" file="main.main()"
time="2023-08-20T04:30:47-04:00" level=info msg="config initialized" func="main.go:20" file="main.main()"
time="2023-08-20T04:37:18-04:00" level=info msg="logger initialized" func="main.go:17" file="main.main()"
time="2023-08-20T04:37:18-04:00" level=info msg="config initialized" func="main.go:20" file="main.main()"
time="2023-08-20T04:43:33-04:00" level=info msg="logger initialized" func="main.go:17" file="main.main()"
time="2023-08-20T04:43:33-04:00" level=info msg="config initialized" func="main.go:20" file="main.main()"
time="2023-08-20T10:06:40-04:00" level=info msg="logger initialized" func="main.go:17" file="main.main()"
time="2023-08-20T10:06:40-04:00" level=info msg="config initialized" func="main.go:20" file="main.main()"
time="2023-08-20T10:14:23-04:00" level=info msg="logger initialized" func="main.go:17" file="main.main()"
time="2023-08-20T10:14:23-04:00" level=info msg="config initialized" func="main.go:20" file="main.main()"
time="2023-08-20T10:21:13-04:00" level=info msg="logger initialized" func="main.go:17" file="main.main()"
time="2023-08-20T10:21:13-04:00" level=info msg="config initialized" func="main.go:20" file="main.main()"
time="2023-08-20T10:35:43-04:00" level=info msg="logger initialized" func="main.go:17" file="main.main()"
time="2023-08-20T10:35:43-04:00" level=info msg="config initialized" func="main.go:20" file="main.main()"
time="2023-08-20T10:36:40-04:00" level=info msg="logger initialized" func="main.go:17" file="main.main()"
time="2023-08-20T10:36:40-04:00" level=info msg="config initialized" func="main.go:20" file="main.main()"
time="2023-08-21T10:08:08-04:00" level=info msg="logger initialized" func="main.go:17" file="main.main()"
time="2023-08-21T10:08:08-04:00" level=info msg="config initialized" func="main.go:20" file="main.main()"
time="2023-08-21T11:20:17-04:00" level=error msg="sql: no rows in result set" func="service.go:117" file="gitlab.com/QuvonchbekOtajonov/clinic-back/api/handlers/v1.(*handlerV1).DeleteService()"
time="2023-08-21T12:49:06-04:00" level=info msg="logger initialized" func="main.go:17" file="main.main()"
time="2023-08-21T12:49:06-04:00" level=info msg="config initialized" func="main.go:20" file="main.main()"
time="2023-08-21T12:49:21-04:00" level=info msg="logger initialized" func="main.go:17" file="main.main()"
time="2023-08-21T12:49:21-04:00" level=info msg="config initialized" func="main.go:20" file="main.main()"
time="2023-08-21T12:49:58-04:00" level=error msg="Error finding patients{error 26 0  pq: column \"deleted_at\" does not exist}" func="customer.go:72" file="gitlab.com/QuvonchbekOtajonov/clinic-back/api/handlers/v1.(*handlerV1).GetAllCustomers()"
time="2023-08-21T12:51:25-04:00" level=info msg="logger initialized" func="main.go:17" file="main.main()"
time="2023-08-21T12:51:25-04:00" level=info msg="config initialized" func="main.go:20" file="main.main()"
time="2023-08-21T13:05:33-04:00" level=error msg="Error finding doctor{error 26 0  strconv.Atoi: parsing \"undefined\": invalid syntax}" func="customer.go:60" file="gitlab.com/QuvonchbekOtajonov/clinic-back/api/handlers/v1.(*handlerV1).GetAllCustomers()"
time="2023-08-21T13:05:37-04:00" level=error msg="Error finding doctor{error 26 0  strconv.Atoi: parsing \"undefined\": invalid syntax}" func="customer.go:60" file="gitlab.com/QuvonchbekOtajonov/clinic-back/api/handlers/v1.(*handlerV1).GetAllCustomers()"
time="2023-08-21T13:05:38-04:00" level=error msg="Error finding doctor{error 26 0  strconv.Atoi: parsing \"undefined\": invalid syntax}" func="customer.go:60" file="gitlab.com/QuvonchbekOtajonov/clinic-back/api/handlers/v1.(*handlerV1).GetAllCustomers()"
time="2023-08-21T13:06:55-04:00" level=error msg="Error finding doctor{error 26 0  strconv.Atoi: parsing \"[object Object]\": invalid syntax}" func="customer.go:60" file="gitlab.com/QuvonchbekOtajonov/clinic-back/api/handlers/v1.(*handlerV1).GetAllCustomers()"
time="2023-08-21T14:05:56-04:00" level=info msg="logger initialized" func="main.go:17" file="main.main()"
time="2023-08-21T14:05:56-04:00" level=info msg="config initialized" func="main.go:20" file="main.main()"
time="2023-08-21T14:10:08-04:00" level=info msg="logger initialized" func="main.go:17" file="main.main()"
time="2023-08-21T14:10:08-04:00" level=info msg="config initialized" func="main.go:20" file="main.main()"
time="2023-08-21T15:36:53-04:00" level=info msg="logger initialized" func="main.go:17" file="main.main()"
time="2023-08-21T15:36:53-04:00" level=info msg="config initialized" func="main.go:20" file="main.main()"
time="2023-08-21T15:40:35-04:00" level=info msg="logger initialized" func="main.go:17" file="main.main()"
time="2023-08-21T15:40:35-04:00" level=info msg="config initialized" func="main.go:20" file="main.main()"
time="2023-08-21T15:40:59-04:00" level=info msg="logger initialized" func="main.go:17" file="main.main()"
time="2023-08-21T15:40:59-04:00" level=info msg="config initialized" func="main.go:20" file="main.main()"
time="2023-08-21T15:42:41-04:00" level=info msg="logger initialized" func="main.go:17" file="main.main()"
time="2023-08-21T15:42:41-04:00" level=info msg="config initialized" func="main.go:20" file="main.main()"
time="2023-08-21T16:21:48-04:00" level=error msg="Key: 'CreateService.ServiceName' Error:Field validation for 'ServiceName' failed on the 'required' tag\nKey: 'CreateService.About' Error:Field validation for 'About' failed on the 'required' tag\nKey: 'CreateService.ImageUrl' Error:Field validation for 'ImageUrl' failed on the 'required' tag" func="service.go:64" file="gitlab.com/QuvonchbekOtajonov/clinic-back/api/handlers/v1.(*handlerV1).CreateService()"
time="2023-08-21T16:22:23-04:00" level=error msg="Key: 'CreateService.ServiceName' Error:Field validation for 'ServiceName' failed on the 'required' tag\nKey: 'CreateService.About' Error:Field validation for 'About' failed on the 'required' tag\nKey: 'CreateService.ImageUrl' Error:Field validation for 'ImageUrl' failed on the 'required' tag" func="service.go:64" file="gitlab.com/QuvonchbekOtajonov/clinic-back/api/handlers/v1.(*handlerV1).CreateService()"
time="2023-08-21T17:39:34-04:00" level=info msg="logger initialized" func="main.go:17" file="main.main()"
time="2023-08-21T17:39:34-04:00" level=info msg="config initialized" func="main.go:20" file="main.main()"
time="2023-08-21T17:40:22-04:00" level=info msg="logger initialized" func="main.go:17" file="main.main()"
time="2023-08-21T17:40:22-04:00" level=info msg="config initialized" func="main.go:20" file="main.main()"
time="2023-08-21T17:42:52-04:00" level=info msg="logger initialized" func="main.go:17" file="main.main()"
time="2023-08-21T17:42:52-04:00" level=info msg="config initialized" func="main.go:20" file="main.main()"
time="2023-08-21T17:43:19-04:00" level=error msg="strconv.Atoi: parsing \"\": invalid syntax" func="doctors.go:210" file="gitlab.com/QuvonchbekOtajonov/clinic-back/api/handlers/v1.(*handlerV1).DoctorGet()"
time="2023-08-21T17:47:14-04:00" level=info msg="logger initialized" func="main.go:17" file="main.main()"
time="2023-08-21T17:47:14-04:00" level=info msg="config initialized" func="main.go:20" file="main.main()"
time="2023-08-21T17:47:25-04:00" level=error msg="strconv.Atoi: parsing \"\": invalid syntax" func="doctors.go:211" file="gitlab.com/QuvonchbekOtajonov/clinic-back/api/handlers/v1.(*handlerV1).DoctorGet()"
time="2023-08-21T17:52:27-04:00" level=info msg="logger initialized" func="main.go:17" file="main.main()"
time="2023-08-21T17:52:27-04:00" level=info msg="config initialized" func="main.go:20" file="main.main()"
time="2023-08-21T17:52:37-04:00" level=error msg="strconv.Atoi: parsing \"\": invalid syntax" func="doctors.go:211" file="gitlab.com/QuvonchbekOtajonov/clinic-back/api/handlers/v1.(*handlerV1).DoctorGet()"
time="2023-08-21T17:55:47-04:00" level=info msg="logger initialized" func="main.go:17" file="main.main()"
time="2023-08-21T17:55:47-04:00" level=info msg="config initialized" func="main.go:20" file="main.main()"
time="2023-08-21T17:57:41-04:00" level=info msg="logger initialized" func="main.go:17" file="main.main()"
time="2023-08-21T17:57:41-04:00" level=info msg="config initialized" func="main.go:20" file="main.main()"
time="2023-08-21T17:58:36-04:00" level=info msg="logger initialized" func="main.go:17" file="main.main()"
time="2023-08-21T17:58:36-04:00" level=info msg="config initialized" func="main.go:20" file="main.main()"
time="2023-08-21T18:05:05-04:00" level=info msg="logger initialized" func="main.go:17" file="main.main()"
time="2023-08-21T18:05:05-04:00" level=info msg="config initialized" func="main.go:20" file="main.main()"
time="2023-08-21T18:05:15-04:00" level=info msg="logger initialized" func="main.go:17" file="main.main()"
time="2023-08-21T18:05:15-04:00" level=info msg="config initialized" func="main.go:20" file="main.main()"
time="2023-08-21T18:05:25-04:00" level=error msg="strconv.Atoi: parsing \"\": invalid syntax" func="doctors.go:209" file="gitlab.com/QuvonchbekOtajonov/clinic-back/api/handlers/v1.(*handlerV1).DoctorGet()"
time="2023-08-21T18:07:34-04:00" level=info msg="logger initialized" func="main.go:17" file="main.main()"
time="2023-08-21T18:07:34-04:00" level=info msg="config initialized" func="main.go:20" file="main.main()"
time="2023-08-21T18:07:47-04:00" level=error msg="strconv.Atoi: parsing \"\": invalid syntax" func="doctors.go:210" file="gitlab.com/QuvonchbekOtajonov/clinic-back/api/handlers/v1.(*handlerV1).DoctorGet()"
time="2023-08-21T18:15:54-04:00" level=info msg="logger initialized" func="main.go:17" file="main.main()"
time="2023-08-21T18:15:54-04:00" level=info msg="config initialized" func="main.go:20" file="main.main()"
time="2023-08-21T18:32:15-04:00" level=info msg="logger initialized" func="main.go:17" file="main.main()"
time="2023-08-21T18:32:15-04:00" level=info msg="config initialized" func="main.go:20" file="main.main()"
time="2023-08-21T18:33:06-04:00" level=info msg="logger initialized" func="main.go:17" file="main.main()"
time="2023-08-21T18:33:06-04:00" level=info msg="config initialized" func="main.go:20" file="main.main()"
time="2023-08-21T18:45:08-04:00" level=info msg="logger initialized" func="main.go:17" file="main.main()"
time="2023-08-21T18:45:08-04:00" level=info msg="config initialized" func="main.go:20" file="main.main()"
time="2023-08-21T18:45:52-04:00" level=info msg="logger initialized" func="main.go:17" file="main.main()"
time="2023-08-21T18:45:52-04:00" level=info msg="config initialized" func="main.go:20" file="main.main()"
time="2023-08-21T18:47:15-04:00" level=info msg="logger initialized" func="main.go:17" file="main.main()"
time="2023-08-21T18:47:15-04:00" level=info msg="config initialized" func="main.go:20" file="main.main()"
time="2023-08-21T18:54:00-04:00" level=info msg="logger initialized" func="main.go:17" file="main.main()"
time="2023-08-21T18:54:00-04:00" level=info msg="config initialized" func="main.go:20" file="main.main()"
time="2023-08-21T18:55:08-04:00" level=info msg="logger initialized" func="main.go:17" file="main.main()"
time="2023-08-21T18:55:08-04:00" level=info msg="config initialized" func="main.go:20" file="main.main()"
time="2023-08-21T19:06:42-04:00" level=info msg="logger initialized" func="main.go:17" file="main.main()"
time="2023-08-21T19:06:42-04:00" level=info msg="config initialized" func="main.go:20" file="main.main()"
time="2023-08-21T19:09:23-04:00" level=info msg="logger initialized" func="main.go:17" file="main.main()"
time="2023-08-21T19:09:23-04:00" level=info msg="config initialized" func="main.go:20" file="main.main()"
time="2023-08-21T19:39:45-04:00" level=info msg="logger initialized" func="main.go:17" file="main.main()"
time="2023-08-21T19:39:45-04:00" level=info msg="config initialized" func="main.go:20" file="main.main()"
time="2023-08-21T19:52:04-04:00" level=info msg="logger initialized" func="main.go:17" file="main.main()"
time="2023-08-21T19:52:04-04:00" level=info msg="config initialized" func="main.go:20" file="main.main()"
time="2023-08-21T19:53:43-04:00" level=info msg="logger initialized" func="main.go:17" file="main.main()"
time="2023-08-21T19:53:43-04:00" level=info msg="config initialized" func="main.go:20" file="main.main()"
time="2023-08-21T19:55:12-04:00" level=info msg="logger initialized" func="main.go:17" file="main.main()"
time="2023-08-21T19:55:12-04:00" level=info msg="config initialized" func="main.go:20" file="main.main()"
time="2023-08-21T20:36:21-04:00" level=info msg="logger initialized" func="main.go:17" file="main.main()"
time="2023-08-21T20:36:21-04:00" level=info msg="config initialized" func="main.go:20" file="main.main()"
time="2023-08-21T20:52:38-04:00" level=error msg="Key: 'CreateService.ImageUrl' Error:Field validation for 'ImageUrl' failed on the 'required' tag" func="service.go:64" file="gitlab.com/QuvonchbekOtajonov/clinic-back/api/handlers/v1.(*handlerV1).CreateService()"
time="2023-08-21T20:52:52-04:00" level=error msg="Key: 'CreateService.ImageUrl' Error:Field validation for 'ImageUrl' failed on the 'required' tag" func="service.go:64" file="gitlab.com/QuvonchbekOtajonov/clinic-back/api/handlers/v1.(*handlerV1).CreateService()"
time="2023-08-21T22:09:36-04:00" level=info msg="logger initialized" func="main.go:17" file="main.main()"
time="2023-08-21T22:09:36-04:00" level=info msg="config initialized" func="main.go:20" file="main.main()"
time="2023-08-21T22:09:36-04:00" level=fatal msg="failed to run server: listen tcp :8080: bind: address already in use" func="main.go:44" file="main.main()"
time="2023-08-21T22:10:00-04:00" level=info msg="logger initialized" func="main.go:17" file="main.main()"
time="2023-08-21T22:10:00-04:00" level=info msg="config initialized" func="main.go:20" file="main.main()"
time="2023-08-21T22:10:19-04:00" level=error msg="pq: missing FROM-clause entry for table \"time\"" func="customer.go:120" file="gitlab.com/QuvonchbekOtajonov/clinic-back/api/handlers/v1.(*handlerV1).CreateCustomer()"
time="2023-08-21T22:12:36-04:00" level=info msg="logger initialized" func="main.go:17" file="main.main()"
time="2023-08-21T22:12:36-04:00" level=info msg="config initialized" func="main.go:20" file="main.main()"
time="2023-08-21T22:16:56-04:00" level=info msg="logger initialized" func="main.go:17" file="main.main()"
time="2023-08-21T22:16:56-04:00" level=info msg="config initialized" func="main.go:20" file="main.main()"
time="2023-08-21T22:17:08-04:00" level=info msg="logger initialized" func="main.go:17" file="main.main()"
time="2023-08-21T22:17:08-04:00" level=info msg="config initialized" func="main.go:20" file="main.main()"
time="2023-08-21T22:23:12-04:00" level=info msg="logger initialized" func="main.go:17" file="main.main()"
time="2023-08-21T22:23:12-04:00" level=info msg="config initialized" func="main.go:20" file="main.main()"
time="2023-08-21T22:24:04-04:00" level=info msg="logger initialized" func="main.go:17" file="main.main()"
time="2023-08-21T22:24:04-04:00" level=info msg="config initialized" func="main.go:20" file="main.main()"
time="2023-08-21T22:29:10-04:00" level=error msg="sql: no rows in result set" func="service.go:117" file="gitlab.com/QuvonchbekOtajonov/clinic-back/api/handlers/v1.(*handlerV1).DeleteService()"
time="2023-08-21T22:31:23-04:00" level=error msg="sql: no rows in result set" func="doctors.go:120" file="gitlab.com/QuvonchbekOtajonov/clinic-back/api/handlers/v1.(*handlerV1).HandleDeleteDoctor()"
time="2023-08-21T22:32:04-04:00" level=error msg="pq: syntax error at or near \")\"" func="doctors.go:80" file="gitlab.com/QuvonchbekOtajonov/clinic-back/api/handlers/v1.(*handlerV1).HandleCreateDoctor()"
time="2023-08-21T22:32:09-04:00" level=error msg="pq: syntax error at or near \")\"" func="doctors.go:80" file="gitlab.com/QuvonchbekOtajonov/clinic-back/api/handlers/v1.(*handlerV1).HandleCreateDoctor()"
time="2023-08-21T22:32:18-04:00" level=error msg="pq: syntax error at or near \")\"" func="doctors.go:80" file="gitlab.com/QuvonchbekOtajonov/clinic-back/api/handlers/v1.(*handlerV1).HandleCreateDoctor()"
time="2023-08-21T22:41:26-04:00" level=error msg="pq: syntax error at or near \")\"" func="doctors.go:80" file="gitlab.com/QuvonchbekOtajonov/clinic-back/api/handlers/v1.(*handlerV1).HandleCreateDoctor()"
time="2023-08-21T22:54:47-04:00" level=info msg="logger initialized" func="main.go:17" file="main.main()"
time="2023-08-21T22:54:47-04:00" level=info msg="config initialized" func="main.go:20" file="main.main()"
time="2023-08-21T22:58:41-04:00" level=error msg="pq: syntax error at or near \")\"" func="doctors.go:80" file="gitlab.com/QuvonchbekOtajonov/clinic-back/api/handlers/v1.(*handlerV1).HandleCreateDoctor()"
time="2023-08-21T22:59:11-04:00" level=info msg="logger initialized" func="main.go:17" file="main.main()"
time="2023-08-21T22:59:11-04:00" level=info msg="config initialized" func="main.go:20" file="main.main()"
time="2023-08-21T23:02:17-04:00" level=info msg="logger initialized" func="main.go:17" file="main.main()"
time="2023-08-21T23:02:17-04:00" level=info msg="config initialized" func="main.go:20" file="main.main()"
time="2023-08-21T23:11:27-04:00" level=error msg="sql: no rows in result set" func="doctors.go:226" file="gitlab.com/QuvonchbekOtajonov/clinic-back/api/handlers/v1.(*handlerV1).DoctorGet()"
time="2023-08-21T23:11:47-04:00" level=error msg="sql: no rows in result set" func="doctors.go:226" file="gitlab.com/QuvonchbekOtajonov/clinic-back/api/handlers/v1.(*handlerV1).DoctorGet()"
time="2023-08-21T23:12:52-04:00" level=error msg="sql: no rows in result set" func="customer.go:267" file="gitlab.com/QuvonchbekOtajonov/clinic-back/api/handlers/v1.(*handlerV1).CustomerGet()"
time="2023-08-21T23:13:13-04:00" level=error msg="sql: no rows in result set" func="customer.go:267" file="gitlab.com/QuvonchbekOtajonov/clinic-back/api/handlers/v1.(*handlerV1).CustomerGet()"
time="2023-08-22T10:55:23-04:00" level=info msg="logger initialized" func="main.go:17" file="main.main()"
time="2023-08-22T10:55:23-04:00" level=info msg="config initialized" func="main.go:20" file="main.main()"
time="2023-08-22T14:04:41-04:00" level=info msg="logger initialized" func="main.go:17" file="main.main()"
time="2023-08-22T14:04:41-04:00" level=info msg="config initialized" func="main.go:20" file="main.main()"
time="2023-08-22T18:48:42-04:00" level=info msg="logger initialized" func="main.go:17" file="main.main()"
time="2023-08-22T18:48:42-04:00" level=info msg="config initialized" func="main.go:20" file="main.main()"
time="2023-08-22T22:22:04-04:00" level=info msg="logger initialized" func="main.go:17" file="main.main()"
time="2023-08-22T22:22:04-04:00" level=info msg="config initialized" func="main.go:20" file="main.main()"
time="2023-08-23T00:57:49-04:00" level=info msg="logger initialized" func="main.go:17" file="main.main()"
time="2023-08-23T00:57:49-04:00" level=info msg="config initialized" func="main.go:20" file="main.main()"
time="2023-08-23T18:23:11-04:00" level=info msg="logger initialized" func="main.go:17" file="main.main()"
time="2023-08-23T18:23:11-04:00" level=info msg="config initialized" func="main.go:20" file="main.main()"
time="2023-08-23T18:23:11-04:00" level=fatal msg="failed to run server: listen tcp :8080: bind: address already in use" func="main.go:44" file="main.main()"
time="2023-08-23T18:23:25-04:00" level=info msg="logger initialized" func="main.go:17" file="main.main()"
time="2023-08-23T18:23:25-04:00" level=info msg="config initialized" func="main.go:20" file="main.main()"
time="2023-08-24T11:26:26-04:00" level=info msg="logger initialized" func="main.go:17" file="main.main()"
time="2023-08-24T11:26:26-04:00" level=info msg="config initialized" func="main.go:20" file="main.main()"
time="2023-08-24T11:30:26-04:00" level=info msg="logger initialized" func="main.go:17" file="main.main()"
time="2023-08-24T11:30:26-04:00" level=info msg="config initialized" func="main.go:20" file="main.main()"
time="2023-08-24T11:30:34-04:00" level=info msg="logger initialized" func="main.go:17" file="main.main()"
time="2023-08-24T11:30:34-04:00" level=info msg="config initialized" func="main.go:20" file="main.main()"
time="2023-08-24T11:34:16-04:00" level=info msg="logger initialized" func="main.go:17" file="main.main()"
time="2023-08-24T11:34:16-04:00" level=info msg="config initialized" func="main.go:20" file="main.main()"
time="2023-08-24T11:39:50-04:00" level=info msg="logger initialized" func="main.go:17" file="main.main()"
time="2023-08-24T11:39:50-04:00" level=info msg="config initialized" func="main.go:20" file="main.main()"
time="2023-08-24T11:50:49-04:00" level=info msg="logger initialized" func="main.go:17" file="main.main()"
time="2023-08-24T11:50:49-04:00" level=info msg="config initialized" func="main.go:20" file="main.main()"
time="2023-08-24T11:52:48-04:00" level=info msg="logger initialized" func="main.go:17" file="main.main()"
time="2023-08-24T11:52:48-04:00" level=info msg="config initialized" func="main.go:20" file="main.main()"
time="2023-08-24T11:55:22-04:00" level=info msg="logger initialized" func="main.go:17" file="main.main()"
time="2023-08-24T11:55:22-04:00" level=info msg="config initialized" func="main.go:20" file="main.main()"
time="2023-08-24T11:57:12-04:00" level=info msg="logger initialized" func="main.go:17" file="main.main()"
time="2023-08-24T11:57:12-04:00" level=info msg="config initialized" func="main.go:20" file="main.main()"
time="2023-08-24T11:58:59-04:00" level=info msg="logger initialized" func="main.go:17" file="main.main()"
time="2023-08-24T11:58:59-04:00" level=info msg="config initialized" func="main.go:20" file="main.main()"
time="2023-08-24T12:03:26-04:00" level=info msg="logger initialized" func="main.go:17" file="main.main()"
time="2023-08-24T12:03:26-04:00" level=info msg="config initialized" func="main.go:20" file="main.main()"
time="2023-08-24T12:07:28-04:00" level=info msg="logger initialized" func="main.go:17" file="main.main()"
time="2023-08-24T12:07:28-04:00" level=info msg="config initialized" func="main.go:20" file="main.main()"
time="2023-08-24T12:09:15-04:00" level=info msg="logger initialized" func="main.go:17" file="main.main()"
time="2023-08-24T12:09:15-04:00" level=info msg="config initialized" func="main.go:20" file="main.main()"
time="2023-08-24T12:12:04-04:00" level=info msg="logger initialized" func="main.go:17" file="main.main()"
time="2023-08-24T12:12:04-04:00" level=info msg="config initialized" func="main.go:20" file="main.main()"
time="2023-08-24T12:20:42-04:00" level=info msg="logger initialized" func="main.go:17" file="main.main()"
time="2023-08-24T12:20:42-04:00" level=info msg="config initialized" func="main.go:20" file="main.main()"
time="2023-08-24T12:24:40-04:00" level=info msg="logger initialized" func="main.go:17" file="main.main()"
time="2023-08-24T12:24:40-04:00" level=info msg="config initialized" func="main.go:20" file="main.main()"
time="2023-08-24T18:06:19-04:00" level=info msg="logger initialized" func="main.go:17" file="main.main()"
time="2023-08-24T18:06:19-04:00" level=info msg="config initialized" func="main.go:20" file="main.main()"
time="2023-08-24T18:37:13-04:00" level=info msg="logger initialized" func="main.go:17" file="main.main()"
time="2023-08-24T18:37:13-04:00" level=info msg="config initialized" func="main.go:20" file="main.main()"
time="2023-08-24T18:50:09-04:00" level=info msg="logger initialized" func="main.go:17" file="main.main()"
time="2023-08-24T18:50:09-04:00" level=info msg="config initialized" func="main.go:20" file="main.main()"
time="2023-08-24T18:50:23-04:00" level=info msg="logger initialized" func="main.go:17" file="main.main()"
time="2023-08-24T18:50:23-04:00" level=info msg="config initialized" func="main.go:20" file="main.main()"
time="2023-08-24T18:56:16-04:00" level=info msg="logger initialized" func="main.go:17" file="main.main()"
time="2023-08-24T18:56:16-04:00" level=info msg="config initialized" func="main.go:20" file="main.main()"
time="2023-08-24T21:20:50-04:00" level=info msg="logger initialized" func="main.go:17" file="main.main()"
time="2023-08-24T21:20:50-04:00" level=info msg="config initialized" func="main.go:20" file="main.main()"
time="2023-08-26T01:08:46-04:00" level=info msg="logger initialized" func="main.go:17" file="main.main()"
time="2023-08-26T01:08:46-04:00" level=info msg="config initialized" func="main.go:20" file="main.main()"
time="2023-08-26T01:09:50-04:00" level=info msg="logger initialized" func="main.go:17" file="main.main()"
time="2023-08-26T01:09:50-04:00" level=info msg="config initialized" func="main.go:20" file="main.main()"
time="2023-08-26T01:10:57-04:00" level=info msg="logger initialized" func="main.go:17" file="main.main()"
time="2023-08-26T01:10:57-04:00" level=info msg="config initialized" func="main.go:20" file="main.main()"
time="2023-08-27T22:53:54-04:00" level=info msg="logger initialized" func="main.go:17" file="main.main()"
time="2023-08-27T22:53:54-04:00" level=info msg="config initialized" func="main.go:20" file="main.main()"
time="2023-08-29T00:07:36-04:00" level=info msg="logger initialized" func="main.go:17" file="main.main()"
time="2023-08-29T00:07:36-04:00" level=info msg="config initialized" func="main.go:20" file="main.main()"
time="2023-08-29T00:07:36-04:00" level=fatal msg="failed to run server: listen tcp: address 8080: missing port in address" func="main.go:44" file="main.main()"
time="2023-08-29T00:07:57-04:00" level=info msg="logger initialized" func="main.go:17" file="main.main()"
time="2023-08-29T00:07:57-04:00" level=info msg="config initialized" func="main.go:20" file="main.main()"
time="2023-08-29T00:09:08-04:00" level=info msg="logger initialized" func="main.go:17" file="main.main()"
time="2023-08-29T00:09:08-04:00" level=info msg="config initialized" func="main.go:20" file="main.main()"
time="2023-08-29T00:13:50-04:00" level=info msg="logger initialized" func="main.go:17" file="main.main()"
time="2023-08-29T00:13:50-04:00" level=info msg="config initialized" func="main.go:20" file="main.main()"
time="2023-08-29T00:38:49-04:00" level=info msg="logger initialized" func="main.go:17" file="main.main()"
time="2023-08-29T00:38:49-04:00" level=info msg="config initialized" func="main.go:20" file="main.main()"
